<?xml version="1.0" encoding="UTF-8"?>
<testsuite name="Br.com.bot.FoxbitTradeBotApplicationTests" tests="1" skipped="0" failures="0" errors="0" timestamp="2026-02-09T19:42:11.886Z" hostname="VALERIO" time="5.523">
  <properties/>
  <testcase name="contextLoads()" classname="Br.com.bot.FoxbitTradeBotApplicationTests" time="1.166"/>
  <system-out><![CDATA[16:42:12.221 [Test worker] INFO org.springframework.test.context.support.AnnotationConfigContextLoaderUtils -- Could not detect default configuration classes for test class [Br.com.bot.FoxbitTradeBotApplicationTests]: FoxbitTradeBotApplicationTests does not declare any static, non-private, non-final, nested classes annotated with @Configuration.
16:42:12.465 [Test worker] INFO org.springframework.boot.test.context.SpringBootTestContextBootstrapper -- Found @SpringBootConfiguration br.com.bot.FoxbitTradeBotApplication for test class Br.com.bot.FoxbitTradeBotApplicationTests

  .   ____          _            __ _ _
 /\\ / ___'_ __ _ _(_)_ __  __ _ \ \ \ \
( ( )\___ | '_ | '_| | '_ \/ _` | \ \ \ \
 \\/  ___)| |_)| | | | | || (_| |  ) ) ) )
  '  |____| .__|_| |_|_| |_\__, | / / / /
 =========|_|==============|___/=/_/_/_/

 :: Spring Boot ::                (v4.0.2)

2026-02-09T16:42:13.146-03:00  INFO 448276 --- [foxbit-trade-bot] [    Test worker] B.c.bot.FoxbitTradeBotApplicationTests   : Starting FoxbitTradeBotApplicationTests using Java 21.0.8 with PID 448276 (started by danil in C:\Users\danil\workspace\foxbit-trade-bot)
2026-02-09T16:42:13.149-03:00  INFO 448276 --- [foxbit-trade-bot] [    Test worker] B.c.bot.FoxbitTradeBotApplicationTests   : No active profile set, falling back to 1 default profile: "default"
2026-02-09T16:42:15.691-03:00  INFO 448276 --- [foxbit-trade-bot] [    Test worker] o.s.b.a.e.web.EndpointLinksResolver      : Exposing 1 endpoint beneath base path '/actuator'
2026-02-09T16:42:16.223-03:00  INFO 448276 --- [foxbit-trade-bot] [    Test worker] B.c.bot.FoxbitTradeBotApplicationTests   : Started FoxbitTradeBotApplicationTests in 3.517 seconds (process running for 5.404)
2026-02-09T16:42:16.248-03:00  INFO 448276 --- [foxbit-trade-bot] [   scheduling-1] b.c.b.a.service.TradingCycleService      : [btcbrl] Observando o mercado
]]></system-out>
  <system-err><![CDATA[Mockito is currently self-attaching to enable the inline-mock-maker. This will no longer work in future releases of the JDK. Please add Mockito as an agent to your build as described in Mockito's documentation: https://javadoc.io/doc/org.mockito/mockito-core/latest/org.mockito/org/mockito/Mockito.html#0.3
WARNING: A Java agent has been loaded dynamically (C:\Users\danil\.gradle\caches\modules-2\files-2.1\net.bytebuddy\byte-buddy-agent\1.17.8\f09415827a71be7ed621c7bd02550678f28bc81c\byte-buddy-agent-1.17.8.jar)
WARNING: If a serviceability tool is in use, please run with -XX:+EnableDynamicAgentLoading to hide this warning
WARNING: If a serviceability tool is not in use, please run with -Djdk.instrument.traceUsage for more information
WARNING: Dynamic loading of agents will be disallowed by default in a future release
]]></system-err>
</testsuite>
